mode: set
github.com/ylh990835774/blockchain-shop-demo/cmd/api/main.go:22.13,25.16 2 0
github.com/ylh990835774/blockchain-shop-demo/cmd/api/main.go:25.16,26.52 1 0
github.com/ylh990835774/blockchain-shop-demo/cmd/api/main.go:30.2,36.16 3 0
github.com/ylh990835774/blockchain-shop-demo/cmd/api/main.go:36.16,37.55 1 0
github.com/ylh990835774/blockchain-shop-demo/cmd/api/main.go:39.2,49.16 3 0
github.com/ylh990835774/blockchain-shop-demo/cmd/api/main.go:49.16,51.3 1 0
github.com/ylh990835774/blockchain-shop-demo/cmd/api/main.go:52.2,53.16 2 0
github.com/ylh990835774/blockchain-shop-demo/cmd/api/main.go:53.16,55.3 1 0
github.com/ylh990835774/blockchain-shop-demo/cmd/api/main.go:56.2,78.2 11 0
github.com/ylh990835774/blockchain-shop-demo/cmd/api/main.go:78.2,86.3 5 0
github.com/ylh990835774/blockchain-shop-demo/cmd/api/main.go:86.3,89.4 2 0
github.com/ylh990835774/blockchain-shop-demo/cmd/api/main.go:93.2,99.12 2 0
github.com/ylh990835774/blockchain-shop-demo/cmd/api/main.go:99.12,100.77 1 0
github.com/ylh990835774/blockchain-shop-demo/cmd/api/main.go:100.77,102.4 1 0
github.com/ylh990835774/blockchain-shop-demo/cmd/api/main.go:105.2,114.42 7 0
github.com/ylh990835774/blockchain-shop-demo/cmd/api/main.go:114.42,116.3 1 0
github.com/ylh990835774/blockchain-shop-demo/cmd/api/main.go:118.2,118.32 1 0
github.com/ylh990835774/blockchain-shop-demo/configs/config.go:44.30,50.45 5 0
github.com/ylh990835774/blockchain-shop-demo/configs/config.go:50.45,52.3 1 0
github.com/ylh990835774/blockchain-shop-demo/configs/config.go:54.2,55.46 2 0
github.com/ylh990835774/blockchain-shop-demo/configs/config.go:55.46,57.3 1 0
github.com/ylh990835774/blockchain-shop-demo/configs/config.go:59.2,59.18 1 0
github.com/ylh990835774/blockchain-shop-demo/internal/api/router.go:11.113,25.2 8 0
github.com/ylh990835774/blockchain-shop-demo/internal/api/router.go:25.2,29.3 2 0
github.com/ylh990835774/blockchain-shop-demo/internal/api/router.go:31.2,31.10 1 0
github.com/ylh990835774/blockchain-shop-demo/internal/blockchain/block.go:24.72,39.2 6 0
github.com/ylh990835774/blockchain-shop-demo/internal/blockchain/block.go:41.55,42.34 1 0
github.com/ylh990835774/blockchain-shop-demo/internal/blockchain/block.go:42.34,44.3 1 0
github.com/ylh990835774/blockchain-shop-demo/internal/blockchain/block.go:46.2,46.46 1 0
github.com/ylh990835774/blockchain-shop-demo/internal/blockchain/block.go:46.46,48.3 1 0
github.com/ylh990835774/blockchain-shop-demo/internal/blockchain/block.go:50.2,51.21 2 0
github.com/ylh990835774/blockchain-shop-demo/internal/blockchain/block.go:51.21,53.3 1 0
github.com/ylh990835774/blockchain-shop-demo/internal/blockchain/block.go:55.2,55.12 1 0
github.com/ylh990835774/blockchain-shop-demo/internal/blockchain/blockchain.go:21.43,23.16 2 0
github.com/ylh990835774/blockchain-shop-demo/internal/blockchain/blockchain.go:23.16,25.3 1 0
github.com/ylh990835774/blockchain-shop-demo/internal/blockchain/blockchain.go:26.2,26.15 1 0
github.com/ylh990835774/blockchain-shop-demo/internal/blockchain/blockchain.go:26.15,27.36 1 0
github.com/ylh990835774/blockchain-shop-demo/internal/blockchain/blockchain.go:27.36,29.4 1 0
github.com/ylh990835774/blockchain-shop-demo/internal/blockchain/blockchain.go:32.2,33.16 2 0
github.com/ylh990835774/blockchain-shop-demo/internal/blockchain/blockchain.go:33.16,34.33 1 0
github.com/ylh990835774/blockchain-shop-demo/internal/blockchain/blockchain.go:34.33,44.48 3 0
github.com/ylh990835774/blockchain-shop-demo/internal/blockchain/blockchain.go:44.48,46.5 1 0
github.com/ylh990835774/blockchain-shop-demo/internal/blockchain/blockchain.go:47.4,47.18 1 0
github.com/ylh990835774/blockchain-shop-demo/internal/blockchain/blockchain.go:49.3,49.57 1 0
github.com/ylh990835774/blockchain-shop-demo/internal/blockchain/blockchain.go:52.2,53.50 2 0
github.com/ylh990835774/blockchain-shop-demo/internal/blockchain/blockchain.go:53.50,55.3 1 0
github.com/ylh990835774/blockchain-shop-demo/internal/blockchain/blockchain.go:56.2,56.17 1 0
github.com/ylh990835774/blockchain-shop-demo/internal/blockchain/blockchain.go:59.60,61.16 2 0
github.com/ylh990835774/blockchain-shop-demo/internal/blockchain/blockchain.go:61.16,63.3 1 0
github.com/ylh990835774/blockchain-shop-demo/internal/blockchain/blockchain.go:65.2,65.64 1 0
github.com/ylh990835774/blockchain-shop-demo/internal/blockchain/blockchain.go:65.64,67.3 1 0
github.com/ylh990835774/blockchain-shop-demo/internal/blockchain/blockchain.go:69.2,69.12 1 0
github.com/ylh990835774/blockchain-shop-demo/internal/blockchain/blockchain.go:72.61,85.16 6 0
github.com/ylh990835774/blockchain-shop-demo/internal/blockchain/blockchain.go:85.16,87.3 1 0
github.com/ylh990835774/blockchain-shop-demo/internal/blockchain/blockchain.go:88.2,88.15 1 0
github.com/ylh990835774/blockchain-shop-demo/internal/blockchain/blockchain.go:88.15,89.36 1 0
github.com/ylh990835774/blockchain-shop-demo/internal/blockchain/blockchain.go:89.36,91.4 1 0
github.com/ylh990835774/blockchain-shop-demo/internal/blockchain/blockchain.go:94.2,94.46 1 0
github.com/ylh990835774/blockchain-shop-demo/internal/blockchain/blockchain.go:94.46,96.3 1 0
github.com/ylh990835774/blockchain-shop-demo/internal/blockchain/blockchain.go:98.2,98.22 1 0
github.com/ylh990835774/blockchain-shop-demo/internal/blockchain/blockchain.go:101.47,103.2 1 0
github.com/ylh990835774/blockchain-shop-demo/internal/blockchain/blockchain.go:105.40,106.38 1 0
github.com/ylh990835774/blockchain-shop-demo/internal/blockchain/blockchain.go:106.38,111.61 3 0
github.com/ylh990835774/blockchain-shop-demo/internal/blockchain/blockchain.go:111.61,113.4 1 0
github.com/ylh990835774/blockchain-shop-demo/internal/blockchain/blockchain.go:116.3,116.55 1 0
github.com/ylh990835774/blockchain-shop-demo/internal/blockchain/blockchain.go:116.55,118.4 1 0
github.com/ylh990835774/blockchain-shop-demo/internal/blockchain/blockchain.go:122.2,123.51 2 0
github.com/ylh990835774/blockchain-shop-demo/internal/blockchain/blockchain.go:123.51,125.3 1 0
github.com/ylh990835774/blockchain-shop-demo/internal/blockchain/blockchain.go:127.2,127.12 1 0
github.com/ylh990835774/blockchain-shop-demo/internal/blockchain/blockchain.go:130.37,135.2 4 0
github.com/ylh990835774/blockchain-shop-demo/internal/blockchain/blockchain.go:137.59,138.34 1 0
github.com/ylh990835774/blockchain-shop-demo/internal/blockchain/blockchain.go:138.34,139.36 1 0
github.com/ylh990835774/blockchain-shop-demo/internal/blockchain/blockchain.go:139.36,141.4 1 0
github.com/ylh990835774/blockchain-shop-demo/internal/blockchain/blockchain.go:143.2,143.12 1 0
github.com/ylh990835774/blockchain-shop-demo/internal/blockchain/pow.go:20.44,25.2 3 0
github.com/ylh990835774/blockchain-shop-demo/internal/blockchain/pow.go:27.55,39.2 2 0
github.com/ylh990835774/blockchain-shop-demo/internal/blockchain/pow.go:41.45,46.23 4 0
github.com/ylh990835774/blockchain-shop-demo/internal/blockchain/pow.go:46.23,51.36 4 0
github.com/ylh990835774/blockchain-shop-demo/internal/blockchain/pow.go:51.36,52.9 1 0
github.com/ylh990835774/blockchain-shop-demo/internal/blockchain/pow.go:53.9,55.4 1 0
github.com/ylh990835774/blockchain-shop-demo/internal/blockchain/pow.go:57.2,57.23 1 0
github.com/ylh990835774/blockchain-shop-demo/internal/blockchain/pow.go:60.41,68.2 5 0
github.com/ylh990835774/blockchain-shop-demo/internal/blockchain/pow.go:70.31,72.2 1 0
github.com/ylh990835774/blockchain-shop-demo/internal/blockchain/service.go:17.46,19.16 2 0
github.com/ylh990835774/blockchain-shop-demo/internal/blockchain/service.go:19.16,21.3 1 0
github.com/ylh990835774/blockchain-shop-demo/internal/blockchain/service.go:22.2,22.36 1 0
github.com/ylh990835774/blockchain-shop-demo/internal/blockchain/service.go:25.66,27.16 2 0
github.com/ylh990835774/blockchain-shop-demo/internal/blockchain/service.go:27.16,29.3 1 0
github.com/ylh990835774/blockchain-shop-demo/internal/blockchain/service.go:30.2,30.47 1 0
github.com/ylh990835774/blockchain-shop-demo/internal/blockchain/service.go:30.47,32.3 1 0
github.com/ylh990835774/blockchain-shop-demo/internal/blockchain/service.go:33.2,33.43 1 0
github.com/ylh990835774/blockchain-shop-demo/internal/blockchain/service.go:36.65,38.16 2 0
github.com/ylh990835774/blockchain-shop-demo/internal/blockchain/service.go:38.16,40.3 1 0
github.com/ylh990835774/blockchain-shop-demo/internal/blockchain/service.go:42.2,43.18 2 0
github.com/ylh990835774/blockchain-shop-demo/internal/blockchain/service.go:43.18,45.3 1 0
github.com/ylh990835774/blockchain-shop-demo/internal/blockchain/service.go:47.2,47.24 1 0
github.com/ylh990835774/blockchain-shop-demo/internal/blockchain/service.go:50.46,52.2 1 0
github.com/ylh990835774/blockchain-shop-demo/internal/api/middleware/error.go:14.55,15.30 1 1
github.com/ylh990835774/blockchain-shop-demo/internal/api/middleware/error.go:15.30,19.25 2 1
github.com/ylh990835774/blockchain-shop-demo/internal/api/middleware/error.go:19.25,21.4 1 1
github.com/ylh990835774/blockchain-shop-demo/internal/api/middleware/error.go:24.3,37.38 5 1
github.com/ylh990835774/blockchain-shop-demo/internal/api/middleware/error.go:37.38,40.23 2 1
github.com/ylh990835774/blockchain-shop-demo/internal/api/middleware/error.go:40.23,41.39 1 1
github.com/ylh990835774/blockchain-shop-demo/internal/api/middleware/error.go:41.39,43.6 1 1
github.com/ylh990835774/blockchain-shop-demo/internal/api/middleware/error.go:45.4,45.25 1 1
github.com/ylh990835774/blockchain-shop-demo/internal/api/middleware/error.go:46.9,48.19 1 1
github.com/ylh990835774/blockchain-shop-demo/internal/api/middleware/error.go:49.28,51.32 2 1
github.com/ylh990835774/blockchain-shop-demo/internal/api/middleware/error.go:52.32,54.35 2 1
github.com/ylh990835774/blockchain-shop-demo/internal/api/middleware/error.go:55.32,57.32 2 1
github.com/ylh990835774/blockchain-shop-demo/internal/api/middleware/error.go:58.34,60.32 2 1
github.com/ylh990835774/blockchain-shop-demo/internal/api/middleware/error.go:61.12,63.38 2 1
github.com/ylh990835774/blockchain-shop-demo/internal/api/middleware/error.go:67.3,70.5 1 1
github.com/ylh990835774/blockchain-shop-demo/internal/api/middleware/jwt.go:17.70,18.23 1 1
github.com/ylh990835774/blockchain-shop-demo/internal/api/middleware/jwt.go:18.23,19.37 1 0
github.com/ylh990835774/blockchain-shop-demo/internal/api/middleware/jwt.go:22.2,24.3 1 1
github.com/ylh990835774/blockchain-shop-demo/internal/api/middleware/jwt.go:28.58,29.30 1 1
github.com/ylh990835774/blockchain-shop-demo/internal/api/middleware/jwt.go:29.30,31.23 2 1
github.com/ylh990835774/blockchain-shop-demo/internal/api/middleware/jwt.go:31.23,37.4 2 1
github.com/ylh990835774/blockchain-shop-demo/internal/api/middleware/jwt.go:39.3,40.46 2 1
github.com/ylh990835774/blockchain-shop-demo/internal/api/middleware/jwt.go:40.46,46.4 2 1
github.com/ylh990835774/blockchain-shop-demo/internal/api/middleware/jwt.go:48.3,50.17 3 1
github.com/ylh990835774/blockchain-shop-demo/internal/api/middleware/jwt.go:50.17,56.4 2 1
github.com/ylh990835774/blockchain-shop-demo/internal/api/middleware/jwt.go:58.3,59.11 2 1
github.com/ylh990835774/blockchain-shop-demo/internal/api/middleware/logger.go:10.49,11.30 1 0
github.com/ylh990835774/blockchain-shop-demo/internal/api/middleware/logger.go:11.30,28.3 6 0
github.com/ylh990835774/blockchain-shop-demo/internal/api/middleware/recovery.go:11.51,12.30 1 0
github.com/ylh990835774/blockchain-shop-demo/internal/api/middleware/recovery.go:12.30,13.16 1 0
github.com/ylh990835774/blockchain-shop-demo/internal/api/middleware/recovery.go:13.16,14.36 1 0
github.com/ylh990835774/blockchain-shop-demo/internal/api/middleware/recovery.go:14.36,25.5 2 0
github.com/ylh990835774/blockchain-shop-demo/internal/api/middleware/recovery.go:27.3,27.11 1 0
github.com/ylh990835774/blockchain-shop-demo/internal/blockchain/block.go:24.72,39.2 6 0
github.com/ylh990835774/blockchain-shop-demo/internal/blockchain/block.go:41.55,42.34 1 0
github.com/ylh990835774/blockchain-shop-demo/internal/blockchain/block.go:42.34,44.3 1 0
github.com/ylh990835774/blockchain-shop-demo/internal/blockchain/block.go:46.2,46.46 1 0
github.com/ylh990835774/blockchain-shop-demo/internal/blockchain/block.go:46.46,48.3 1 0
github.com/ylh990835774/blockchain-shop-demo/internal/blockchain/block.go:50.2,51.21 2 0
github.com/ylh990835774/blockchain-shop-demo/internal/blockchain/block.go:51.21,53.3 1 0
github.com/ylh990835774/blockchain-shop-demo/internal/blockchain/block.go:55.2,55.12 1 0
github.com/ylh990835774/blockchain-shop-demo/internal/blockchain/blockchain.go:21.43,23.16 2 0
github.com/ylh990835774/blockchain-shop-demo/internal/blockchain/blockchain.go:23.16,25.3 1 0
github.com/ylh990835774/blockchain-shop-demo/internal/blockchain/blockchain.go:26.2,26.15 1 0
github.com/ylh990835774/blockchain-shop-demo/internal/blockchain/blockchain.go:26.15,27.36 1 0
github.com/ylh990835774/blockchain-shop-demo/internal/blockchain/blockchain.go:27.36,29.4 1 0
github.com/ylh990835774/blockchain-shop-demo/internal/blockchain/blockchain.go:32.2,33.16 2 0
github.com/ylh990835774/blockchain-shop-demo/internal/blockchain/blockchain.go:33.16,34.33 1 0
github.com/ylh990835774/blockchain-shop-demo/internal/blockchain/blockchain.go:34.33,44.48 3 0
github.com/ylh990835774/blockchain-shop-demo/internal/blockchain/blockchain.go:44.48,46.5 1 0
github.com/ylh990835774/blockchain-shop-demo/internal/blockchain/blockchain.go:47.4,47.18 1 0
github.com/ylh990835774/blockchain-shop-demo/internal/blockchain/blockchain.go:49.3,49.57 1 0
github.com/ylh990835774/blockchain-shop-demo/internal/blockchain/blockchain.go:52.2,53.50 2 0
github.com/ylh990835774/blockchain-shop-demo/internal/blockchain/blockchain.go:53.50,55.3 1 0
github.com/ylh990835774/blockchain-shop-demo/internal/blockchain/blockchain.go:56.2,56.17 1 0
github.com/ylh990835774/blockchain-shop-demo/internal/blockchain/blockchain.go:59.60,61.16 2 0
github.com/ylh990835774/blockchain-shop-demo/internal/blockchain/blockchain.go:61.16,63.3 1 0
github.com/ylh990835774/blockchain-shop-demo/internal/blockchain/blockchain.go:65.2,65.64 1 0
github.com/ylh990835774/blockchain-shop-demo/internal/blockchain/blockchain.go:65.64,67.3 1 0
github.com/ylh990835774/blockchain-shop-demo/internal/blockchain/blockchain.go:69.2,69.12 1 0
github.com/ylh990835774/blockchain-shop-demo/internal/blockchain/blockchain.go:72.61,85.16 6 0
github.com/ylh990835774/blockchain-shop-demo/internal/blockchain/blockchain.go:85.16,87.3 1 0
github.com/ylh990835774/blockchain-shop-demo/internal/blockchain/blockchain.go:88.2,88.15 1 0
github.com/ylh990835774/blockchain-shop-demo/internal/blockchain/blockchain.go:88.15,89.36 1 0
github.com/ylh990835774/blockchain-shop-demo/internal/blockchain/blockchain.go:89.36,91.4 1 0
github.com/ylh990835774/blockchain-shop-demo/internal/blockchain/blockchain.go:94.2,94.46 1 0
github.com/ylh990835774/blockchain-shop-demo/internal/blockchain/blockchain.go:94.46,96.3 1 0
github.com/ylh990835774/blockchain-shop-demo/internal/blockchain/blockchain.go:98.2,98.22 1 0
github.com/ylh990835774/blockchain-shop-demo/internal/blockchain/blockchain.go:101.47,103.2 1 0
github.com/ylh990835774/blockchain-shop-demo/internal/blockchain/blockchain.go:105.40,106.38 1 0
github.com/ylh990835774/blockchain-shop-demo/internal/blockchain/blockchain.go:106.38,111.61 3 0
github.com/ylh990835774/blockchain-shop-demo/internal/blockchain/blockchain.go:111.61,113.4 1 0
github.com/ylh990835774/blockchain-shop-demo/internal/blockchain/blockchain.go:116.3,116.55 1 0
github.com/ylh990835774/blockchain-shop-demo/internal/blockchain/blockchain.go:116.55,118.4 1 0
github.com/ylh990835774/blockchain-shop-demo/internal/blockchain/blockchain.go:122.2,123.51 2 0
github.com/ylh990835774/blockchain-shop-demo/internal/blockchain/blockchain.go:123.51,125.3 1 0
github.com/ylh990835774/blockchain-shop-demo/internal/blockchain/blockchain.go:127.2,127.12 1 0
github.com/ylh990835774/blockchain-shop-demo/internal/blockchain/blockchain.go:130.37,135.2 4 0
github.com/ylh990835774/blockchain-shop-demo/internal/blockchain/blockchain.go:137.59,138.34 1 0
github.com/ylh990835774/blockchain-shop-demo/internal/blockchain/blockchain.go:138.34,139.36 1 0
github.com/ylh990835774/blockchain-shop-demo/internal/blockchain/blockchain.go:139.36,141.4 1 0
github.com/ylh990835774/blockchain-shop-demo/internal/blockchain/blockchain.go:143.2,143.12 1 0
github.com/ylh990835774/blockchain-shop-demo/internal/blockchain/pow.go:20.44,25.2 3 0
github.com/ylh990835774/blockchain-shop-demo/internal/blockchain/pow.go:27.55,39.2 2 0
github.com/ylh990835774/blockchain-shop-demo/internal/blockchain/pow.go:41.45,46.23 4 0
github.com/ylh990835774/blockchain-shop-demo/internal/blockchain/pow.go:46.23,51.36 4 0
github.com/ylh990835774/blockchain-shop-demo/internal/blockchain/pow.go:51.36,52.9 1 0
github.com/ylh990835774/blockchain-shop-demo/internal/blockchain/pow.go:53.9,55.4 1 0
github.com/ylh990835774/blockchain-shop-demo/internal/blockchain/pow.go:57.2,57.23 1 0
github.com/ylh990835774/blockchain-shop-demo/internal/blockchain/pow.go:60.41,68.2 5 0
github.com/ylh990835774/blockchain-shop-demo/internal/blockchain/pow.go:70.31,72.2 1 0
github.com/ylh990835774/blockchain-shop-demo/internal/blockchain/service.go:17.46,19.16 2 0
github.com/ylh990835774/blockchain-shop-demo/internal/blockchain/service.go:19.16,21.3 1 0
github.com/ylh990835774/blockchain-shop-demo/internal/blockchain/service.go:22.2,22.36 1 0
github.com/ylh990835774/blockchain-shop-demo/internal/blockchain/service.go:25.66,27.16 2 0
github.com/ylh990835774/blockchain-shop-demo/internal/blockchain/service.go:27.16,29.3 1 0
github.com/ylh990835774/blockchain-shop-demo/internal/blockchain/service.go:30.2,30.47 1 0
github.com/ylh990835774/blockchain-shop-demo/internal/blockchain/service.go:30.47,32.3 1 0
github.com/ylh990835774/blockchain-shop-demo/internal/blockchain/service.go:33.2,33.43 1 0
github.com/ylh990835774/blockchain-shop-demo/internal/blockchain/service.go:36.65,38.16 2 0
github.com/ylh990835774/blockchain-shop-demo/internal/blockchain/service.go:38.16,40.3 1 0
github.com/ylh990835774/blockchain-shop-demo/internal/blockchain/service.go:42.2,43.18 2 0
github.com/ylh990835774/blockchain-shop-demo/internal/blockchain/service.go:43.18,45.3 1 0
github.com/ylh990835774/blockchain-shop-demo/internal/blockchain/service.go:47.2,47.24 1 0
github.com/ylh990835774/blockchain-shop-demo/internal/blockchain/service.go:50.46,52.2 1 0
github.com/ylh990835774/blockchain-shop-demo/internal/model/user.go:19.51,21.16 2 0
github.com/ylh990835774/blockchain-shop-demo/internal/model/user.go:21.16,23.3 1 0
github.com/ylh990835774/blockchain-shop-demo/internal/model/user.go:24.2,25.12 2 0
github.com/ylh990835774/blockchain-shop-demo/internal/model/user.go:28.52,31.2 2 0
github.com/ylh990835774/blockchain-shop-demo/internal/repository/mysql/base.go:13.40,15.2 1 0
github.com/ylh990835774/blockchain-shop-demo/internal/repository/mysql/base.go:17.52,19.2 1 0
github.com/ylh990835774/blockchain-shop-demo/internal/repository/mysql/db.go:20.43,30.16 3 0
github.com/ylh990835774/blockchain-shop-demo/internal/repository/mysql/db.go:30.16,32.3 1 0
github.com/ylh990835774/blockchain-shop-demo/internal/repository/mysql/db.go:34.2,34.16 1 0
github.com/ylh990835774/blockchain-shop-demo/internal/repository/mysql/order.go:13.55,17.2 1 0
github.com/ylh990835774/blockchain-shop-demo/internal/repository/mysql/order.go:19.60,21.2 1 0
github.com/ylh990835774/blockchain-shop-demo/internal/repository/mysql/order.go:23.79,25.2 1 0
github.com/ylh990835774/blockchain-shop-demo/internal/repository/mysql/order.go:27.67,30.16 3 0
github.com/ylh990835774/blockchain-shop-demo/internal/repository/mysql/order.go:30.16,32.3 1 0
github.com/ylh990835774/blockchain-shop-demo/internal/repository/mysql/order.go:33.2,33.20 1 0
github.com/ylh990835774/blockchain-shop-demo/internal/repository/mysql/order.go:36.105,43.16 5 0
github.com/ylh990835774/blockchain-shop-demo/internal/repository/mysql/order.go:43.16,45.3 1 0
github.com/ylh990835774/blockchain-shop-demo/internal/repository/mysql/order.go:47.2,48.27 2 0
github.com/ylh990835774/blockchain-shop-demo/internal/repository/mysql/order.go:51.46,53.2 1 0
github.com/ylh990835774/blockchain-shop-demo/internal/repository/mysql/order.go:55.60,57.2 1 0
github.com/ylh990835774/blockchain-shop-demo/internal/repository/mysql/product.go:13.59,17.2 1 0
github.com/ylh990835774/blockchain-shop-demo/internal/repository/mysql/product.go:19.66,21.2 1 0
github.com/ylh990835774/blockchain-shop-demo/internal/repository/mysql/product.go:23.71,26.16 3 0
github.com/ylh990835774/blockchain-shop-demo/internal/repository/mysql/product.go:26.16,28.3 1 0
github.com/ylh990835774/blockchain-shop-demo/internal/repository/mysql/product.go:29.2,29.22 1 0
github.com/ylh990835774/blockchain-shop-demo/internal/repository/mysql/product.go:32.87,39.16 5 0
github.com/ylh990835774/blockchain-shop-demo/internal/repository/mysql/product.go:39.16,41.3 1 0
github.com/ylh990835774/blockchain-shop-demo/internal/repository/mysql/product.go:43.2,44.29 2 0
github.com/ylh990835774/blockchain-shop-demo/internal/repository/mysql/product.go:47.66,49.2 1 0
github.com/ylh990835774/blockchain-shop-demo/internal/repository/mysql/product.go:51.85,53.2 1 0
github.com/ylh990835774/blockchain-shop-demo/internal/repository/mysql/product.go:55.52,57.2 1 0
github.com/ylh990835774/blockchain-shop-demo/internal/repository/mysql/transaction.go:15.51,19.2 1 0
github.com/ylh990835774/blockchain-shop-demo/internal/repository/mysql/transaction.go:21.44,23.2 1 0
github.com/ylh990835774/blockchain-shop-demo/internal/repository/mysql/transaction.go:25.42,27.2 1 0
github.com/ylh990835774/blockchain-shop-demo/internal/repository/mysql/transaction.go:29.44,31.2 1 0
github.com/ylh990835774/blockchain-shop-demo/internal/repository/mysql/user.go:21.53,25.2 1 0
github.com/ylh990835774/blockchain-shop-demo/internal/repository/mysql/user.go:27.57,29.2 1 0
github.com/ylh990835774/blockchain-shop-demo/internal/repository/mysql/user.go:31.65,34.16 3 0
github.com/ylh990835774/blockchain-shop-demo/internal/repository/mysql/user.go:34.16,36.3 1 0
github.com/ylh990835774/blockchain-shop-demo/internal/repository/mysql/user.go:37.2,37.19 1 0
github.com/ylh990835774/blockchain-shop-demo/internal/repository/mysql/user.go:40.78,43.16 3 0
github.com/ylh990835774/blockchain-shop-demo/internal/repository/mysql/user.go:43.16,45.3 1 0
github.com/ylh990835774/blockchain-shop-demo/internal/repository/mysql/user.go:46.2,46.19 1 0
github.com/ylh990835774/blockchain-shop-demo/internal/repository/mysql/user.go:49.65,53.2 3 0
github.com/ylh990835774/blockchain-shop-demo/internal/repository/mysql/user.go:55.70,57.2 1 0
github.com/ylh990835774/blockchain-shop-demo/pkg/logger/logger.go:21.46,23.63 2 0
github.com/ylh990835774/blockchain-shop-demo/pkg/logger/logger.go:23.63,25.3 1 0
github.com/ylh990835774/blockchain-shop-demo/pkg/logger/logger.go:27.2,51.16 4 0
github.com/ylh990835774/blockchain-shop-demo/pkg/logger/logger.go:51.16,53.3 1 0
github.com/ylh990835774/blockchain-shop-demo/pkg/logger/logger.go:55.2,57.8 1 0
github.com/ylh990835774/blockchain-shop-demo/pkg/logger/logger.go:61.38,65.2 1 1
github.com/ylh990835774/blockchain-shop-demo/pkg/logger/logger.go:68.57,70.2 1 1
github.com/ylh990835774/blockchain-shop-demo/pkg/logger/logger.go:73.56,75.2 1 0
github.com/ylh990835774/blockchain-shop-demo/pkg/logger/logger.go:78.57,80.2 1 0
github.com/ylh990835774/blockchain-shop-demo/pkg/logger/logger.go:83.56,85.2 1 0
github.com/ylh990835774/blockchain-shop-demo/pkg/logger/logger.go:88.57,90.2 1 0
github.com/ylh990835774/blockchain-shop-demo/internal/model/user.go:19.51,21.16 2 0
github.com/ylh990835774/blockchain-shop-demo/internal/model/user.go:21.16,23.3 1 0
github.com/ylh990835774/blockchain-shop-demo/internal/model/user.go:24.2,25.12 2 0
github.com/ylh990835774/blockchain-shop-demo/internal/model/user.go:28.52,31.2 2 0
github.com/ylh990835774/blockchain-shop-demo/internal/blockchain/block.go:24.72,39.2 6 0
github.com/ylh990835774/blockchain-shop-demo/internal/blockchain/block.go:41.55,42.34 1 0
github.com/ylh990835774/blockchain-shop-demo/internal/blockchain/block.go:42.34,44.3 1 0
github.com/ylh990835774/blockchain-shop-demo/internal/blockchain/block.go:46.2,46.46 1 0
github.com/ylh990835774/blockchain-shop-demo/internal/blockchain/block.go:46.46,48.3 1 0
github.com/ylh990835774/blockchain-shop-demo/internal/blockchain/block.go:50.2,51.21 2 0
github.com/ylh990835774/blockchain-shop-demo/internal/blockchain/block.go:51.21,53.3 1 0
github.com/ylh990835774/blockchain-shop-demo/internal/blockchain/block.go:55.2,55.12 1 0
github.com/ylh990835774/blockchain-shop-demo/internal/blockchain/blockchain.go:21.43,23.16 2 0
github.com/ylh990835774/blockchain-shop-demo/internal/blockchain/blockchain.go:23.16,25.3 1 0
github.com/ylh990835774/blockchain-shop-demo/internal/blockchain/blockchain.go:26.2,26.15 1 0
github.com/ylh990835774/blockchain-shop-demo/internal/blockchain/blockchain.go:26.15,27.36 1 0
github.com/ylh990835774/blockchain-shop-demo/internal/blockchain/blockchain.go:27.36,29.4 1 0
github.com/ylh990835774/blockchain-shop-demo/internal/blockchain/blockchain.go:32.2,33.16 2 0
github.com/ylh990835774/blockchain-shop-demo/internal/blockchain/blockchain.go:33.16,34.33 1 0
github.com/ylh990835774/blockchain-shop-demo/internal/blockchain/blockchain.go:34.33,44.48 3 0
github.com/ylh990835774/blockchain-shop-demo/internal/blockchain/blockchain.go:44.48,46.5 1 0
github.com/ylh990835774/blockchain-shop-demo/internal/blockchain/blockchain.go:47.4,47.18 1 0
github.com/ylh990835774/blockchain-shop-demo/internal/blockchain/blockchain.go:49.3,49.57 1 0
github.com/ylh990835774/blockchain-shop-demo/internal/blockchain/blockchain.go:52.2,53.50 2 0
github.com/ylh990835774/blockchain-shop-demo/internal/blockchain/blockchain.go:53.50,55.3 1 0
github.com/ylh990835774/blockchain-shop-demo/internal/blockchain/blockchain.go:56.2,56.17 1 0
github.com/ylh990835774/blockchain-shop-demo/internal/blockchain/blockchain.go:59.60,61.16 2 0
github.com/ylh990835774/blockchain-shop-demo/internal/blockchain/blockchain.go:61.16,63.3 1 0
github.com/ylh990835774/blockchain-shop-demo/internal/blockchain/blockchain.go:65.2,65.64 1 0
github.com/ylh990835774/blockchain-shop-demo/internal/blockchain/blockchain.go:65.64,67.3 1 0
github.com/ylh990835774/blockchain-shop-demo/internal/blockchain/blockchain.go:69.2,69.12 1 0
github.com/ylh990835774/blockchain-shop-demo/internal/blockchain/blockchain.go:72.61,85.16 6 0
github.com/ylh990835774/blockchain-shop-demo/internal/blockchain/blockchain.go:85.16,87.3 1 0
github.com/ylh990835774/blockchain-shop-demo/internal/blockchain/blockchain.go:88.2,88.15 1 0
github.com/ylh990835774/blockchain-shop-demo/internal/blockchain/blockchain.go:88.15,89.36 1 0
github.com/ylh990835774/blockchain-shop-demo/internal/blockchain/blockchain.go:89.36,91.4 1 0
github.com/ylh990835774/blockchain-shop-demo/internal/blockchain/blockchain.go:94.2,94.46 1 0
github.com/ylh990835774/blockchain-shop-demo/internal/blockchain/blockchain.go:94.46,96.3 1 0
github.com/ylh990835774/blockchain-shop-demo/internal/blockchain/blockchain.go:98.2,98.22 1 0
github.com/ylh990835774/blockchain-shop-demo/internal/blockchain/blockchain.go:101.47,103.2 1 0
github.com/ylh990835774/blockchain-shop-demo/internal/blockchain/blockchain.go:105.40,106.38 1 0
github.com/ylh990835774/blockchain-shop-demo/internal/blockchain/blockchain.go:106.38,111.61 3 0
github.com/ylh990835774/blockchain-shop-demo/internal/blockchain/blockchain.go:111.61,113.4 1 0
github.com/ylh990835774/blockchain-shop-demo/internal/blockchain/blockchain.go:116.3,116.55 1 0
github.com/ylh990835774/blockchain-shop-demo/internal/blockchain/blockchain.go:116.55,118.4 1 0
github.com/ylh990835774/blockchain-shop-demo/internal/blockchain/blockchain.go:122.2,123.51 2 0
github.com/ylh990835774/blockchain-shop-demo/internal/blockchain/blockchain.go:123.51,125.3 1 0
github.com/ylh990835774/blockchain-shop-demo/internal/blockchain/blockchain.go:127.2,127.12 1 0
github.com/ylh990835774/blockchain-shop-demo/internal/blockchain/blockchain.go:130.37,135.2 4 0
github.com/ylh990835774/blockchain-shop-demo/internal/blockchain/blockchain.go:137.59,138.34 1 0
github.com/ylh990835774/blockchain-shop-demo/internal/blockchain/blockchain.go:138.34,139.36 1 0
github.com/ylh990835774/blockchain-shop-demo/internal/blockchain/blockchain.go:139.36,141.4 1 0
github.com/ylh990835774/blockchain-shop-demo/internal/blockchain/blockchain.go:143.2,143.12 1 0
github.com/ylh990835774/blockchain-shop-demo/internal/blockchain/pow.go:20.44,25.2 3 0
github.com/ylh990835774/blockchain-shop-demo/internal/blockchain/pow.go:27.55,39.2 2 0
github.com/ylh990835774/blockchain-shop-demo/internal/blockchain/pow.go:41.45,46.23 4 0
github.com/ylh990835774/blockchain-shop-demo/internal/blockchain/pow.go:46.23,51.36 4 0
github.com/ylh990835774/blockchain-shop-demo/internal/blockchain/pow.go:51.36,52.9 1 0
github.com/ylh990835774/blockchain-shop-demo/internal/blockchain/pow.go:53.9,55.4 1 0
github.com/ylh990835774/blockchain-shop-demo/internal/blockchain/pow.go:57.2,57.23 1 0
github.com/ylh990835774/blockchain-shop-demo/internal/blockchain/pow.go:60.41,68.2 5 0
github.com/ylh990835774/blockchain-shop-demo/internal/blockchain/pow.go:70.31,72.2 1 0
github.com/ylh990835774/blockchain-shop-demo/internal/blockchain/service.go:17.46,19.16 2 0
github.com/ylh990835774/blockchain-shop-demo/internal/blockchain/service.go:19.16,21.3 1 0
github.com/ylh990835774/blockchain-shop-demo/internal/blockchain/service.go:22.2,22.36 1 0
github.com/ylh990835774/blockchain-shop-demo/internal/blockchain/service.go:25.66,27.16 2 0
github.com/ylh990835774/blockchain-shop-demo/internal/blockchain/service.go:27.16,29.3 1 0
github.com/ylh990835774/blockchain-shop-demo/internal/blockchain/service.go:30.2,30.47 1 0
github.com/ylh990835774/blockchain-shop-demo/internal/blockchain/service.go:30.47,32.3 1 0
github.com/ylh990835774/blockchain-shop-demo/internal/blockchain/service.go:33.2,33.43 1 0
github.com/ylh990835774/blockchain-shop-demo/internal/blockchain/service.go:36.65,38.16 2 0
github.com/ylh990835774/blockchain-shop-demo/internal/blockchain/service.go:38.16,40.3 1 0
github.com/ylh990835774/blockchain-shop-demo/internal/blockchain/service.go:42.2,43.18 2 0
github.com/ylh990835774/blockchain-shop-demo/internal/blockchain/service.go:43.18,45.3 1 0
github.com/ylh990835774/blockchain-shop-demo/internal/blockchain/service.go:47.2,47.24 1 0
github.com/ylh990835774/blockchain-shop-demo/internal/blockchain/service.go:50.46,52.2 1 0
github.com/ylh990835774/blockchain-shop-demo/internal/handlers/common.go:11.56,17.2 1 0
github.com/ylh990835774/blockchain-shop-demo/internal/handlers/common.go:19.62,24.2 1 0
github.com/ylh990835774/blockchain-shop-demo/internal/handlers/handlers.go:14.94,19.2 1 0
github.com/ylh990835774/blockchain-shop-demo/internal/handlers/user.go:10.45,12.47 2 1
github.com/ylh990835774/blockchain-shop-demo/internal/handlers/user.go:12.47,18.3 2 1
github.com/ylh990835774/blockchain-shop-demo/internal/handlers/user.go:20.2,21.16 2 1
github.com/ylh990835774/blockchain-shop-demo/internal/handlers/user.go:21.16,22.14 1 1
github.com/ylh990835774/blockchain-shop-demo/internal/handlers/user.go:23.33,27.6 1 1
github.com/ylh990835774/blockchain-shop-demo/internal/handlers/user.go:28.11,32.6 1 0
github.com/ylh990835774/blockchain-shop-demo/internal/handlers/user.go:34.3,34.9 1 1
github.com/ylh990835774/blockchain-shop-demo/internal/handlers/user.go:37.2,44.4 1 1
github.com/ylh990835774/blockchain-shop-demo/internal/handlers/user.go:47.42,49.47 2 1
github.com/ylh990835774/blockchain-shop-demo/internal/handlers/user.go:49.47,55.3 2 0
github.com/ylh990835774/blockchain-shop-demo/internal/handlers/user.go:57.2,58.16 2 1
github.com/ylh990835774/blockchain-shop-demo/internal/handlers/user.go:58.16,59.14 1 1
github.com/ylh990835774/blockchain-shop-demo/internal/handlers/user.go:60.31,64.6 1 1
github.com/ylh990835774/blockchain-shop-demo/internal/handlers/user.go:65.11,69.6 1 0
github.com/ylh990835774/blockchain-shop-demo/internal/handlers/user.go:71.3,71.9 1 1
github.com/ylh990835774/blockchain-shop-demo/internal/handlers/user.go:74.2,75.16 2 1
github.com/ylh990835774/blockchain-shop-demo/internal/handlers/user.go:75.16,81.3 2 0
github.com/ylh990835774/blockchain-shop-demo/internal/handlers/user.go:83.2,93.4 1 1
github.com/ylh990835774/blockchain-shop-demo/internal/handlers/user.go:96.47,99.16 3 1
github.com/ylh990835774/blockchain-shop-demo/internal/handlers/user.go:99.16,100.14 1 1
github.com/ylh990835774/blockchain-shop-demo/internal/handlers/user.go:101.27,105.6 1 1
github.com/ylh990835774/blockchain-shop-demo/internal/handlers/user.go:106.11,110.6 1 0
github.com/ylh990835774/blockchain-shop-demo/internal/handlers/user.go:112.3,112.9 1 1
github.com/ylh990835774/blockchain-shop-demo/internal/handlers/user.go:115.2,122.4 1 1
github.com/ylh990835774/blockchain-shop-demo/internal/handlers/user.go:125.50,127.47 2 1
github.com/ylh990835774/blockchain-shop-demo/internal/handlers/user.go:127.47,133.3 2 1
github.com/ylh990835774/blockchain-shop-demo/internal/handlers/user.go:135.2,141.62 3 1
github.com/ylh990835774/blockchain-shop-demo/internal/handlers/user.go:141.62,142.14 1 0
github.com/ylh990835774/blockchain-shop-demo/internal/handlers/user.go:143.27,147.6 1 0
github.com/ylh990835774/blockchain-shop-demo/internal/handlers/user.go:148.11,152.6 1 0
github.com/ylh990835774/blockchain-shop-demo/internal/handlers/user.go:154.3,154.9 1 0
github.com/ylh990835774/blockchain-shop-demo/internal/handlers/user.go:157.2,160.4 1 1
github.com/ylh990835774/blockchain-shop-demo/internal/model/user.go:19.51,21.16 2 0
github.com/ylh990835774/blockchain-shop-demo/internal/model/user.go:21.16,23.3 1 0
github.com/ylh990835774/blockchain-shop-demo/internal/model/user.go:24.2,25.12 2 0
github.com/ylh990835774/blockchain-shop-demo/internal/model/user.go:28.52,31.2 2 0
github.com/ylh990835774/blockchain-shop-demo/internal/repository/mysql/base.go:13.40,15.2 1 0
github.com/ylh990835774/blockchain-shop-demo/internal/repository/mysql/base.go:17.52,19.2 1 0
github.com/ylh990835774/blockchain-shop-demo/internal/repository/mysql/db.go:20.43,30.16 3 0
github.com/ylh990835774/blockchain-shop-demo/internal/repository/mysql/db.go:30.16,32.3 1 0
github.com/ylh990835774/blockchain-shop-demo/internal/repository/mysql/db.go:34.2,34.16 1 0
github.com/ylh990835774/blockchain-shop-demo/internal/repository/mysql/order.go:13.55,17.2 1 0
github.com/ylh990835774/blockchain-shop-demo/internal/repository/mysql/order.go:19.60,21.2 1 0
github.com/ylh990835774/blockchain-shop-demo/internal/repository/mysql/order.go:23.79,25.2 1 0
github.com/ylh990835774/blockchain-shop-demo/internal/repository/mysql/order.go:27.67,30.16 3 0
github.com/ylh990835774/blockchain-shop-demo/internal/repository/mysql/order.go:30.16,32.3 1 0
github.com/ylh990835774/blockchain-shop-demo/internal/repository/mysql/order.go:33.2,33.20 1 0
github.com/ylh990835774/blockchain-shop-demo/internal/repository/mysql/order.go:36.105,43.16 5 0
github.com/ylh990835774/blockchain-shop-demo/internal/repository/mysql/order.go:43.16,45.3 1 0
github.com/ylh990835774/blockchain-shop-demo/internal/repository/mysql/order.go:47.2,48.27 2 0
github.com/ylh990835774/blockchain-shop-demo/internal/repository/mysql/order.go:51.46,53.2 1 0
github.com/ylh990835774/blockchain-shop-demo/internal/repository/mysql/order.go:55.60,57.2 1 0
github.com/ylh990835774/blockchain-shop-demo/internal/repository/mysql/product.go:13.59,17.2 1 0
github.com/ylh990835774/blockchain-shop-demo/internal/repository/mysql/product.go:19.66,21.2 1 0
github.com/ylh990835774/blockchain-shop-demo/internal/repository/mysql/product.go:23.71,26.16 3 0
github.com/ylh990835774/blockchain-shop-demo/internal/repository/mysql/product.go:26.16,28.3 1 0
github.com/ylh990835774/blockchain-shop-demo/internal/repository/mysql/product.go:29.2,29.22 1 0
github.com/ylh990835774/blockchain-shop-demo/internal/repository/mysql/product.go:32.87,39.16 5 0
github.com/ylh990835774/blockchain-shop-demo/internal/repository/mysql/product.go:39.16,41.3 1 0
github.com/ylh990835774/blockchain-shop-demo/internal/repository/mysql/product.go:43.2,44.29 2 0
github.com/ylh990835774/blockchain-shop-demo/internal/repository/mysql/product.go:47.66,49.2 1 0
github.com/ylh990835774/blockchain-shop-demo/internal/repository/mysql/product.go:51.85,53.2 1 0
github.com/ylh990835774/blockchain-shop-demo/internal/repository/mysql/product.go:55.52,57.2 1 0
github.com/ylh990835774/blockchain-shop-demo/internal/repository/mysql/transaction.go:15.51,19.2 1 0
github.com/ylh990835774/blockchain-shop-demo/internal/repository/mysql/transaction.go:21.44,23.2 1 0
github.com/ylh990835774/blockchain-shop-demo/internal/repository/mysql/transaction.go:25.42,27.2 1 0
github.com/ylh990835774/blockchain-shop-demo/internal/repository/mysql/transaction.go:29.44,31.2 1 0
github.com/ylh990835774/blockchain-shop-demo/internal/repository/mysql/user.go:21.53,25.2 1 0
github.com/ylh990835774/blockchain-shop-demo/internal/repository/mysql/user.go:27.57,29.2 1 0
github.com/ylh990835774/blockchain-shop-demo/internal/repository/mysql/user.go:31.65,34.16 3 0
github.com/ylh990835774/blockchain-shop-demo/internal/repository/mysql/user.go:34.16,36.3 1 0
github.com/ylh990835774/blockchain-shop-demo/internal/repository/mysql/user.go:37.2,37.19 1 0
github.com/ylh990835774/blockchain-shop-demo/internal/repository/mysql/user.go:40.78,43.16 3 0
github.com/ylh990835774/blockchain-shop-demo/internal/repository/mysql/user.go:43.16,45.3 1 0
github.com/ylh990835774/blockchain-shop-demo/internal/repository/mysql/user.go:46.2,46.19 1 0
github.com/ylh990835774/blockchain-shop-demo/internal/repository/mysql/user.go:49.65,53.2 3 0
github.com/ylh990835774/blockchain-shop-demo/internal/repository/mysql/user.go:55.70,57.2 1 0
github.com/ylh990835774/blockchain-shop-demo/internal/repository/mysql/base.go:13.40,15.2 1 0
github.com/ylh990835774/blockchain-shop-demo/internal/repository/mysql/base.go:17.52,19.2 1 0
github.com/ylh990835774/blockchain-shop-demo/internal/repository/mysql/db.go:20.43,30.16 3 0
github.com/ylh990835774/blockchain-shop-demo/internal/repository/mysql/db.go:30.16,32.3 1 0
github.com/ylh990835774/blockchain-shop-demo/internal/repository/mysql/db.go:34.2,34.16 1 0
github.com/ylh990835774/blockchain-shop-demo/internal/repository/mysql/order.go:13.55,17.2 1 0
github.com/ylh990835774/blockchain-shop-demo/internal/repository/mysql/order.go:19.60,21.2 1 0
github.com/ylh990835774/blockchain-shop-demo/internal/repository/mysql/order.go:23.79,25.2 1 0
github.com/ylh990835774/blockchain-shop-demo/internal/repository/mysql/order.go:27.67,30.16 3 0
github.com/ylh990835774/blockchain-shop-demo/internal/repository/mysql/order.go:30.16,32.3 1 0
github.com/ylh990835774/blockchain-shop-demo/internal/repository/mysql/order.go:33.2,33.20 1 0
github.com/ylh990835774/blockchain-shop-demo/internal/repository/mysql/order.go:36.105,43.16 5 0
github.com/ylh990835774/blockchain-shop-demo/internal/repository/mysql/order.go:43.16,45.3 1 0
github.com/ylh990835774/blockchain-shop-demo/internal/repository/mysql/order.go:47.2,48.27 2 0
github.com/ylh990835774/blockchain-shop-demo/internal/repository/mysql/order.go:51.46,53.2 1 0
github.com/ylh990835774/blockchain-shop-demo/internal/repository/mysql/order.go:55.60,57.2 1 0
github.com/ylh990835774/blockchain-shop-demo/internal/repository/mysql/product.go:13.59,17.2 1 0
github.com/ylh990835774/blockchain-shop-demo/internal/repository/mysql/product.go:19.66,21.2 1 0
github.com/ylh990835774/blockchain-shop-demo/internal/repository/mysql/product.go:23.71,26.16 3 0
github.com/ylh990835774/blockchain-shop-demo/internal/repository/mysql/product.go:26.16,28.3 1 0
github.com/ylh990835774/blockchain-shop-demo/internal/repository/mysql/product.go:29.2,29.22 1 0
github.com/ylh990835774/blockchain-shop-demo/internal/repository/mysql/product.go:32.87,39.16 5 0
github.com/ylh990835774/blockchain-shop-demo/internal/repository/mysql/product.go:39.16,41.3 1 0
github.com/ylh990835774/blockchain-shop-demo/internal/repository/mysql/product.go:43.2,44.29 2 0
github.com/ylh990835774/blockchain-shop-demo/internal/repository/mysql/product.go:47.66,49.2 1 0
github.com/ylh990835774/blockchain-shop-demo/internal/repository/mysql/product.go:51.85,53.2 1 0
github.com/ylh990835774/blockchain-shop-demo/internal/repository/mysql/product.go:55.52,57.2 1 0
github.com/ylh990835774/blockchain-shop-demo/internal/repository/mysql/transaction.go:15.51,19.2 1 0
github.com/ylh990835774/blockchain-shop-demo/internal/repository/mysql/transaction.go:21.44,23.2 1 0
github.com/ylh990835774/blockchain-shop-demo/internal/repository/mysql/transaction.go:25.42,27.2 1 0
github.com/ylh990835774/blockchain-shop-demo/internal/repository/mysql/transaction.go:29.44,31.2 1 0
github.com/ylh990835774/blockchain-shop-demo/internal/repository/mysql/user.go:21.53,25.2 1 0
github.com/ylh990835774/blockchain-shop-demo/internal/repository/mysql/user.go:27.57,29.2 1 0
github.com/ylh990835774/blockchain-shop-demo/internal/repository/mysql/user.go:31.65,34.16 3 0
github.com/ylh990835774/blockchain-shop-demo/internal/repository/mysql/user.go:34.16,36.3 1 0
github.com/ylh990835774/blockchain-shop-demo/internal/repository/mysql/user.go:37.2,37.19 1 0
github.com/ylh990835774/blockchain-shop-demo/internal/repository/mysql/user.go:40.78,43.16 3 0
github.com/ylh990835774/blockchain-shop-demo/internal/repository/mysql/user.go:43.16,45.3 1 0
github.com/ylh990835774/blockchain-shop-demo/internal/repository/mysql/user.go:46.2,46.19 1 0
github.com/ylh990835774/blockchain-shop-demo/internal/repository/mysql/user.go:49.65,53.2 3 0
github.com/ylh990835774/blockchain-shop-demo/internal/repository/mysql/user.go:55.70,57.2 1 0
github.com/ylh990835774/blockchain-shop-demo/pkg/utils/jwt.go:12.29,14.2 1 0
github.com/ylh990835774/blockchain-shop-demo/pkg/utils/jwt.go:21.50,33.2 3 0
github.com/ylh990835774/blockchain-shop-demo/pkg/utils/jwt.go:35.54,36.104 1 0
github.com/ylh990835774/blockchain-shop-demo/pkg/utils/jwt.go:36.104,38.3 1 0
github.com/ylh990835774/blockchain-shop-demo/pkg/utils/jwt.go:39.2,39.16 1 0
github.com/ylh990835774/blockchain-shop-demo/pkg/utils/jwt.go:39.16,41.3 1 0
github.com/ylh990835774/blockchain-shop-demo/pkg/utils/jwt.go:43.2,43.61 1 0
github.com/ylh990835774/blockchain-shop-demo/pkg/utils/jwt.go:43.61,45.3 1 0
github.com/ylh990835774/blockchain-shop-demo/pkg/utils/jwt.go:47.2,47.37 1 0
github.com/ylh990835774/blockchain-shop-demo/pkg/jwt/jwt.go:22.65,23.42 1 1
github.com/ylh990835774/blockchain-shop-demo/pkg/jwt/jwt.go:23.42,25.3 1 1
github.com/ylh990835774/blockchain-shop-demo/pkg/jwt/jwt.go:27.2,27.104 1 1
github.com/ylh990835774/blockchain-shop-demo/pkg/jwt/jwt.go:27.104,29.3 1 1
github.com/ylh990835774/blockchain-shop-demo/pkg/jwt/jwt.go:30.2,30.16 1 1
github.com/ylh990835774/blockchain-shop-demo/pkg/jwt/jwt.go:30.16,32.3 1 1
github.com/ylh990835774/blockchain-shop-demo/pkg/jwt/jwt.go:34.2,34.61 1 1
github.com/ylh990835774/blockchain-shop-demo/pkg/jwt/jwt.go:34.61,36.3 1 1
github.com/ylh990835774/blockchain-shop-demo/pkg/jwt/jwt.go:38.2,38.39 1 0
github.com/ylh990835774/blockchain-shop-demo/pkg/jwt/jwt.go:42.106,43.21 1 1
github.com/ylh990835774/blockchain-shop-demo/pkg/jwt/jwt.go:43.21,45.3 1 1
github.com/ylh990835774/blockchain-shop-demo/pkg/jwt/jwt.go:47.2,56.46 3 1
github.com/ylh990835774/blockchain-shop-demo/pkg/logger/logger.go:21.46,23.63 2 0
github.com/ylh990835774/blockchain-shop-demo/pkg/logger/logger.go:23.63,25.3 1 0
github.com/ylh990835774/blockchain-shop-demo/pkg/logger/logger.go:27.2,51.16 4 0
github.com/ylh990835774/blockchain-shop-demo/pkg/logger/logger.go:51.16,53.3 1 0
github.com/ylh990835774/blockchain-shop-demo/pkg/logger/logger.go:55.2,57.8 1 0
github.com/ylh990835774/blockchain-shop-demo/pkg/logger/logger.go:61.38,65.2 1 0
github.com/ylh990835774/blockchain-shop-demo/pkg/logger/logger.go:68.57,70.2 1 0
github.com/ylh990835774/blockchain-shop-demo/pkg/logger/logger.go:73.56,75.2 1 0
github.com/ylh990835774/blockchain-shop-demo/pkg/logger/logger.go:78.57,80.2 1 0
github.com/ylh990835774/blockchain-shop-demo/pkg/logger/logger.go:83.56,85.2 1 0
github.com/ylh990835774/blockchain-shop-demo/pkg/logger/logger.go:88.57,90.2 1 0
github.com/ylh990835774/blockchain-shop-demo/internal/blockchain/block.go:24.72,39.2 6 0
github.com/ylh990835774/blockchain-shop-demo/internal/blockchain/block.go:41.55,42.34 1 0
github.com/ylh990835774/blockchain-shop-demo/internal/blockchain/block.go:42.34,44.3 1 0
github.com/ylh990835774/blockchain-shop-demo/internal/blockchain/block.go:46.2,46.46 1 0
github.com/ylh990835774/blockchain-shop-demo/internal/blockchain/block.go:46.46,48.3 1 0
github.com/ylh990835774/blockchain-shop-demo/internal/blockchain/block.go:50.2,51.21 2 0
github.com/ylh990835774/blockchain-shop-demo/internal/blockchain/block.go:51.21,53.3 1 0
github.com/ylh990835774/blockchain-shop-demo/internal/blockchain/block.go:55.2,55.12 1 0
github.com/ylh990835774/blockchain-shop-demo/internal/blockchain/blockchain.go:21.43,23.16 2 0
github.com/ylh990835774/blockchain-shop-demo/internal/blockchain/blockchain.go:23.16,25.3 1 0
github.com/ylh990835774/blockchain-shop-demo/internal/blockchain/blockchain.go:26.2,26.15 1 0
github.com/ylh990835774/blockchain-shop-demo/internal/blockchain/blockchain.go:26.15,27.36 1 0
github.com/ylh990835774/blockchain-shop-demo/internal/blockchain/blockchain.go:27.36,29.4 1 0
github.com/ylh990835774/blockchain-shop-demo/internal/blockchain/blockchain.go:32.2,33.16 2 0
github.com/ylh990835774/blockchain-shop-demo/internal/blockchain/blockchain.go:33.16,34.33 1 0
github.com/ylh990835774/blockchain-shop-demo/internal/blockchain/blockchain.go:34.33,44.48 3 0
github.com/ylh990835774/blockchain-shop-demo/internal/blockchain/blockchain.go:44.48,46.5 1 0
github.com/ylh990835774/blockchain-shop-demo/internal/blockchain/blockchain.go:47.4,47.18 1 0
github.com/ylh990835774/blockchain-shop-demo/internal/blockchain/blockchain.go:49.3,49.57 1 0
github.com/ylh990835774/blockchain-shop-demo/internal/blockchain/blockchain.go:52.2,53.50 2 0
github.com/ylh990835774/blockchain-shop-demo/internal/blockchain/blockchain.go:53.50,55.3 1 0
github.com/ylh990835774/blockchain-shop-demo/internal/blockchain/blockchain.go:56.2,56.17 1 0
github.com/ylh990835774/blockchain-shop-demo/internal/blockchain/blockchain.go:59.60,61.16 2 0
github.com/ylh990835774/blockchain-shop-demo/internal/blockchain/blockchain.go:61.16,63.3 1 0
github.com/ylh990835774/blockchain-shop-demo/internal/blockchain/blockchain.go:65.2,65.64 1 0
github.com/ylh990835774/blockchain-shop-demo/internal/blockchain/blockchain.go:65.64,67.3 1 0
github.com/ylh990835774/blockchain-shop-demo/internal/blockchain/blockchain.go:69.2,69.12 1 0
github.com/ylh990835774/blockchain-shop-demo/internal/blockchain/blockchain.go:72.61,85.16 6 0
github.com/ylh990835774/blockchain-shop-demo/internal/blockchain/blockchain.go:85.16,87.3 1 0
github.com/ylh990835774/blockchain-shop-demo/internal/blockchain/blockchain.go:88.2,88.15 1 0
github.com/ylh990835774/blockchain-shop-demo/internal/blockchain/blockchain.go:88.15,89.36 1 0
github.com/ylh990835774/blockchain-shop-demo/internal/blockchain/blockchain.go:89.36,91.4 1 0
github.com/ylh990835774/blockchain-shop-demo/internal/blockchain/blockchain.go:94.2,94.46 1 0
github.com/ylh990835774/blockchain-shop-demo/internal/blockchain/blockchain.go:94.46,96.3 1 0
github.com/ylh990835774/blockchain-shop-demo/internal/blockchain/blockchain.go:98.2,98.22 1 0
github.com/ylh990835774/blockchain-shop-demo/internal/blockchain/blockchain.go:101.47,103.2 1 0
github.com/ylh990835774/blockchain-shop-demo/internal/blockchain/blockchain.go:105.40,106.38 1 0
github.com/ylh990835774/blockchain-shop-demo/internal/blockchain/blockchain.go:106.38,111.61 3 0
github.com/ylh990835774/blockchain-shop-demo/internal/blockchain/blockchain.go:111.61,113.4 1 0
github.com/ylh990835774/blockchain-shop-demo/internal/blockchain/blockchain.go:116.3,116.55 1 0
github.com/ylh990835774/blockchain-shop-demo/internal/blockchain/blockchain.go:116.55,118.4 1 0
github.com/ylh990835774/blockchain-shop-demo/internal/blockchain/blockchain.go:122.2,123.51 2 0
github.com/ylh990835774/blockchain-shop-demo/internal/blockchain/blockchain.go:123.51,125.3 1 0
github.com/ylh990835774/blockchain-shop-demo/internal/blockchain/blockchain.go:127.2,127.12 1 0
github.com/ylh990835774/blockchain-shop-demo/internal/blockchain/blockchain.go:130.37,135.2 4 0
github.com/ylh990835774/blockchain-shop-demo/internal/blockchain/blockchain.go:137.59,138.34 1 0
github.com/ylh990835774/blockchain-shop-demo/internal/blockchain/blockchain.go:138.34,139.36 1 0
github.com/ylh990835774/blockchain-shop-demo/internal/blockchain/blockchain.go:139.36,141.4 1 0
github.com/ylh990835774/blockchain-shop-demo/internal/blockchain/blockchain.go:143.2,143.12 1 0
github.com/ylh990835774/blockchain-shop-demo/internal/blockchain/pow.go:20.44,25.2 3 0
github.com/ylh990835774/blockchain-shop-demo/internal/blockchain/pow.go:27.55,39.2 2 0
github.com/ylh990835774/blockchain-shop-demo/internal/blockchain/pow.go:41.45,46.23 4 0
github.com/ylh990835774/blockchain-shop-demo/internal/blockchain/pow.go:46.23,51.36 4 0
github.com/ylh990835774/blockchain-shop-demo/internal/blockchain/pow.go:51.36,52.9 1 0
github.com/ylh990835774/blockchain-shop-demo/internal/blockchain/pow.go:53.9,55.4 1 0
github.com/ylh990835774/blockchain-shop-demo/internal/blockchain/pow.go:57.2,57.23 1 0
github.com/ylh990835774/blockchain-shop-demo/internal/blockchain/pow.go:60.41,68.2 5 0
github.com/ylh990835774/blockchain-shop-demo/internal/blockchain/pow.go:70.31,72.2 1 0
github.com/ylh990835774/blockchain-shop-demo/internal/blockchain/service.go:17.46,19.16 2 0
github.com/ylh990835774/blockchain-shop-demo/internal/blockchain/service.go:19.16,21.3 1 0
github.com/ylh990835774/blockchain-shop-demo/internal/blockchain/service.go:22.2,22.36 1 0
github.com/ylh990835774/blockchain-shop-demo/internal/blockchain/service.go:25.66,27.16 2 0
github.com/ylh990835774/blockchain-shop-demo/internal/blockchain/service.go:27.16,29.3 1 0
github.com/ylh990835774/blockchain-shop-demo/internal/blockchain/service.go:30.2,30.47 1 0
github.com/ylh990835774/blockchain-shop-demo/internal/blockchain/service.go:30.47,32.3 1 0
github.com/ylh990835774/blockchain-shop-demo/internal/blockchain/service.go:33.2,33.43 1 0
github.com/ylh990835774/blockchain-shop-demo/internal/blockchain/service.go:36.65,38.16 2 0
github.com/ylh990835774/blockchain-shop-demo/internal/blockchain/service.go:38.16,40.3 1 0
github.com/ylh990835774/blockchain-shop-demo/internal/blockchain/service.go:42.2,43.18 2 0
github.com/ylh990835774/blockchain-shop-demo/internal/blockchain/service.go:43.18,45.3 1 0
github.com/ylh990835774/blockchain-shop-demo/internal/blockchain/service.go:47.2,47.24 1 0
github.com/ylh990835774/blockchain-shop-demo/internal/blockchain/service.go:50.46,52.2 1 0
github.com/ylh990835774/blockchain-shop-demo/internal/model/user.go:19.51,21.16 2 1
github.com/ylh990835774/blockchain-shop-demo/internal/model/user.go:21.16,23.3 1 0
github.com/ylh990835774/blockchain-shop-demo/internal/model/user.go:24.2,25.12 2 1
github.com/ylh990835774/blockchain-shop-demo/internal/model/user.go:28.52,31.2 2 1
github.com/ylh990835774/blockchain-shop-demo/internal/repository/mysql/base.go:13.40,15.2 1 0
github.com/ylh990835774/blockchain-shop-demo/internal/repository/mysql/base.go:17.52,19.2 1 0
github.com/ylh990835774/blockchain-shop-demo/internal/repository/mysql/db.go:20.43,30.16 3 0
github.com/ylh990835774/blockchain-shop-demo/internal/repository/mysql/db.go:30.16,32.3 1 0
github.com/ylh990835774/blockchain-shop-demo/internal/repository/mysql/db.go:34.2,34.16 1 0
github.com/ylh990835774/blockchain-shop-demo/internal/repository/mysql/order.go:13.55,17.2 1 0
github.com/ylh990835774/blockchain-shop-demo/internal/repository/mysql/order.go:19.60,21.2 1 0
github.com/ylh990835774/blockchain-shop-demo/internal/repository/mysql/order.go:23.79,25.2 1 0
github.com/ylh990835774/blockchain-shop-demo/internal/repository/mysql/order.go:27.67,30.16 3 0
github.com/ylh990835774/blockchain-shop-demo/internal/repository/mysql/order.go:30.16,32.3 1 0
github.com/ylh990835774/blockchain-shop-demo/internal/repository/mysql/order.go:33.2,33.20 1 0
github.com/ylh990835774/blockchain-shop-demo/internal/repository/mysql/order.go:36.105,43.16 5 0
github.com/ylh990835774/blockchain-shop-demo/internal/repository/mysql/order.go:43.16,45.3 1 0
github.com/ylh990835774/blockchain-shop-demo/internal/repository/mysql/order.go:47.2,48.27 2 0
github.com/ylh990835774/blockchain-shop-demo/internal/repository/mysql/order.go:51.46,53.2 1 0
github.com/ylh990835774/blockchain-shop-demo/internal/repository/mysql/order.go:55.60,57.2 1 0
github.com/ylh990835774/blockchain-shop-demo/internal/repository/mysql/product.go:13.59,17.2 1 0
github.com/ylh990835774/blockchain-shop-demo/internal/repository/mysql/product.go:19.66,21.2 1 0
github.com/ylh990835774/blockchain-shop-demo/internal/repository/mysql/product.go:23.71,26.16 3 0
github.com/ylh990835774/blockchain-shop-demo/internal/repository/mysql/product.go:26.16,28.3 1 0
github.com/ylh990835774/blockchain-shop-demo/internal/repository/mysql/product.go:29.2,29.22 1 0
github.com/ylh990835774/blockchain-shop-demo/internal/repository/mysql/product.go:32.87,39.16 5 0
github.com/ylh990835774/blockchain-shop-demo/internal/repository/mysql/product.go:39.16,41.3 1 0
github.com/ylh990835774/blockchain-shop-demo/internal/repository/mysql/product.go:43.2,44.29 2 0
github.com/ylh990835774/blockchain-shop-demo/internal/repository/mysql/product.go:47.66,49.2 1 0
github.com/ylh990835774/blockchain-shop-demo/internal/repository/mysql/product.go:51.85,53.2 1 0
github.com/ylh990835774/blockchain-shop-demo/internal/repository/mysql/product.go:55.52,57.2 1 0
github.com/ylh990835774/blockchain-shop-demo/internal/repository/mysql/transaction.go:15.51,19.2 1 0
github.com/ylh990835774/blockchain-shop-demo/internal/repository/mysql/transaction.go:21.44,23.2 1 0
github.com/ylh990835774/blockchain-shop-demo/internal/repository/mysql/transaction.go:25.42,27.2 1 0
github.com/ylh990835774/blockchain-shop-demo/internal/repository/mysql/transaction.go:29.44,31.2 1 0
github.com/ylh990835774/blockchain-shop-demo/internal/repository/mysql/user.go:21.53,25.2 1 0
github.com/ylh990835774/blockchain-shop-demo/internal/repository/mysql/user.go:27.57,29.2 1 0
github.com/ylh990835774/blockchain-shop-demo/internal/repository/mysql/user.go:31.65,34.16 3 0
github.com/ylh990835774/blockchain-shop-demo/internal/repository/mysql/user.go:34.16,36.3 1 0
github.com/ylh990835774/blockchain-shop-demo/internal/repository/mysql/user.go:37.2,37.19 1 0
github.com/ylh990835774/blockchain-shop-demo/internal/repository/mysql/user.go:40.78,43.16 3 0
github.com/ylh990835774/blockchain-shop-demo/internal/repository/mysql/user.go:43.16,45.3 1 0
github.com/ylh990835774/blockchain-shop-demo/internal/repository/mysql/user.go:46.2,46.19 1 0
github.com/ylh990835774/blockchain-shop-demo/internal/repository/mysql/user.go:49.65,53.2 3 0
github.com/ylh990835774/blockchain-shop-demo/internal/repository/mysql/user.go:55.70,57.2 1 0
github.com/ylh990835774/blockchain-shop-demo/internal/service/jwt.go:16.58,21.2 1 0
github.com/ylh990835774/blockchain-shop-demo/internal/service/jwt.go:24.66,26.2 1 0
github.com/ylh990835774/blockchain-shop-demo/internal/service/jwt.go:29.62,31.16 2 0
github.com/ylh990835774/blockchain-shop-demo/internal/service/jwt.go:31.16,33.3 1 0
github.com/ylh990835774/blockchain-shop-demo/internal/service/jwt.go:34.2,34.27 1 0
github.com/ylh990835774/blockchain-shop-demo/internal/service/order.go:18.135,24.2 1 0
github.com/ylh990835774/blockchain-shop-demo/internal/service/order.go:26.57,29.16 2 0
github.com/ylh990835774/blockchain-shop-demo/internal/service/order.go:29.16,31.3 1 0
github.com/ylh990835774/blockchain-shop-demo/internal/service/order.go:34.2,34.36 1 0
github.com/ylh990835774/blockchain-shop-demo/internal/service/order.go:34.36,36.3 1 0
github.com/ylh990835774/blockchain-shop-demo/internal/service/order.go:39.2,43.16 3 0
github.com/ylh990835774/blockchain-shop-demo/internal/service/order.go:43.16,45.3 1 0
github.com/ylh990835774/blockchain-shop-demo/internal/service/order.go:46.2,47.16 2 0
github.com/ylh990835774/blockchain-shop-demo/internal/service/order.go:47.16,49.3 1 0
github.com/ylh990835774/blockchain-shop-demo/internal/service/order.go:50.2,54.15 3 0
github.com/ylh990835774/blockchain-shop-demo/internal/service/order.go:54.15,55.31 1 0
github.com/ylh990835774/blockchain-shop-demo/internal/service/order.go:55.31,57.12 2 0
github.com/ylh990835774/blockchain-shop-demo/internal/service/order.go:62.2,62.55 1 0
github.com/ylh990835774/blockchain-shop-demo/internal/service/order.go:62.55,65.3 2 0
github.com/ylh990835774/blockchain-shop-demo/internal/service/order.go:68.2,69.67 2 0
github.com/ylh990835774/blockchain-shop-demo/internal/service/order.go:69.67,72.3 2 0
github.com/ylh990835774/blockchain-shop-demo/internal/service/order.go:75.2,75.36 1 0
github.com/ylh990835774/blockchain-shop-demo/internal/service/order.go:75.36,77.3 1 0
github.com/ylh990835774/blockchain-shop-demo/internal/service/order.go:79.2,79.12 1 0
github.com/ylh990835774/blockchain-shop-demo/internal/service/order.go:82.64,84.2 1 0
github.com/ylh990835774/blockchain-shop-demo/internal/service/order.go:86.102,88.2 1 0
github.com/ylh990835774/blockchain-shop-demo/internal/service/order.go:91.75,93.16 2 0
github.com/ylh990835774/blockchain-shop-demo/internal/service/order.go:93.16,95.3 1 0
github.com/ylh990835774/blockchain-shop-demo/internal/service/order.go:97.2,97.24 1 0
github.com/ylh990835774/blockchain-shop-demo/internal/service/order.go:97.24,99.3 1 0
github.com/ylh990835774/blockchain-shop-demo/internal/service/order.go:101.2,101.57 1 0
github.com/ylh990835774/blockchain-shop-demo/internal/service/product.go:15.71,19.2 1 0
github.com/ylh990835774/blockchain-shop-demo/internal/service/product.go:21.63,22.46 1 0
github.com/ylh990835774/blockchain-shop-demo/internal/service/product.go:22.46,24.3 1 0
github.com/ylh990835774/blockchain-shop-demo/internal/service/product.go:25.2,25.31 1 0
github.com/ylh990835774/blockchain-shop-demo/internal/service/product.go:28.68,30.16 2 0
github.com/ylh990835774/blockchain-shop-demo/internal/service/product.go:30.16,32.3 1 0
github.com/ylh990835774/blockchain-shop-demo/internal/service/product.go:33.2,33.21 1 0
github.com/ylh990835774/blockchain-shop-demo/internal/service/product.go:36.84,37.14 1 0
github.com/ylh990835774/blockchain-shop-demo/internal/service/product.go:37.14,39.3 1 0
github.com/ylh990835774/blockchain-shop-demo/internal/service/product.go:40.2,40.18 1 0
github.com/ylh990835774/blockchain-shop-demo/internal/service/product.go:40.18,42.3 1 0
github.com/ylh990835774/blockchain-shop-demo/internal/service/product.go:43.2,43.36 1 0
github.com/ylh990835774/blockchain-shop-demo/internal/service/product.go:46.63,47.21 1 0
github.com/ylh990835774/blockchain-shop-demo/internal/service/product.go:47.21,49.3 1 0
github.com/ylh990835774/blockchain-shop-demo/internal/service/product.go:52.2,53.16 2 0
github.com/ylh990835774/blockchain-shop-demo/internal/service/product.go:53.16,55.3 1 0
github.com/ylh990835774/blockchain-shop-demo/internal/service/product.go:58.2,60.31 2 0
github.com/ylh990835774/blockchain-shop-demo/internal/service/product.go:63.49,64.13 1 0
github.com/ylh990835774/blockchain-shop-demo/internal/service/product.go:64.13,66.3 1 0
github.com/ylh990835774/blockchain-shop-demo/internal/service/product.go:69.2,69.46 1 0
github.com/ylh990835774/blockchain-shop-demo/internal/service/product.go:69.46,71.3 1 0
github.com/ylh990835774/blockchain-shop-demo/internal/service/product.go:73.2,73.26 1 0
github.com/ylh990835774/blockchain-shop-demo/internal/service/product.go:76.82,77.21 1 0
github.com/ylh990835774/blockchain-shop-demo/internal/service/product.go:77.21,79.3 1 0
github.com/ylh990835774/blockchain-shop-demo/internal/service/product.go:81.2,81.49 1 0
github.com/ylh990835774/blockchain-shop-demo/internal/service/product.go:81.49,82.31 1 0
github.com/ylh990835774/blockchain-shop-demo/internal/service/product.go:82.31,84.4 1 0
github.com/ylh990835774/blockchain-shop-demo/internal/service/product.go:85.3,85.13 1 0
github.com/ylh990835774/blockchain-shop-demo/internal/service/product.go:88.2,88.41 1 0
github.com/ylh990835774/blockchain-shop-demo/internal/service/user.go:18.66,22.2 1 1
github.com/ylh990835774/blockchain-shop-demo/internal/service/user.go:24.54,25.17 1 1
github.com/ylh990835774/blockchain-shop-demo/internal/service/user.go:25.17,27.3 1 0
github.com/ylh990835774/blockchain-shop-demo/internal/service/user.go:29.2,29.39 1 1
github.com/ylh990835774/blockchain-shop-demo/internal/service/user.go:29.39,31.3 1 0
github.com/ylh990835774/blockchain-shop-demo/internal/service/user.go:33.2,33.28 1 1
github.com/ylh990835774/blockchain-shop-demo/internal/service/user.go:36.62,37.13 1 1
github.com/ylh990835774/blockchain-shop-demo/internal/service/user.go:37.13,39.3 1 1
github.com/ylh990835774/blockchain-shop-demo/internal/service/user.go:41.2,42.16 2 1
github.com/ylh990835774/blockchain-shop-demo/internal/service/user.go:42.16,43.31 1 1
github.com/ylh990835774/blockchain-shop-demo/internal/service/user.go:43.31,45.4 1 1
github.com/ylh990835774/blockchain-shop-demo/internal/service/user.go:46.3,46.18 1 0
github.com/ylh990835774/blockchain-shop-demo/internal/service/user.go:49.2,49.18 1 1
github.com/ylh990835774/blockchain-shop-demo/internal/service/user.go:52.84,54.16 2 0
github.com/ylh990835774/blockchain-shop-demo/internal/service/user.go:54.16,56.3 1 0
github.com/ylh990835774/blockchain-shop-demo/internal/service/user.go:58.2,58.35 1 0
github.com/ylh990835774/blockchain-shop-demo/internal/service/user.go:58.35,60.3 1 0
github.com/ylh990835774/blockchain-shop-demo/internal/service/user.go:62.2,62.18 1 0
github.com/ylh990835774/blockchain-shop-demo/internal/service/user.go:65.62,67.2 1 1
github.com/ylh990835774/blockchain-shop-demo/internal/service/user.go:69.78,70.13 1 1
github.com/ylh990835774/blockchain-shop-demo/internal/service/user.go:70.13,72.3 1 1
github.com/ylh990835774/blockchain-shop-demo/internal/service/user.go:74.2,74.41 1 1
github.com/ylh990835774/blockchain-shop-demo/internal/service/user.go:74.41,75.32 1 1
github.com/ylh990835774/blockchain-shop-demo/internal/service/user.go:75.32,77.4 1 1
github.com/ylh990835774/blockchain-shop-demo/internal/service/user.go:78.3,78.13 1 0
github.com/ylh990835774/blockchain-shop-demo/internal/service/user.go:81.2,81.35 1 1
github.com/ylh990835774/blockchain-shop-demo/internal/service/user.go:84.80,86.34 1 1
github.com/ylh990835774/blockchain-shop-demo/internal/service/user.go:86.34,88.3 1 1
github.com/ylh990835774/blockchain-shop-demo/internal/service/user.go:91.2,96.39 3 1
github.com/ylh990835774/blockchain-shop-demo/internal/service/user.go:96.39,98.3 1 0
github.com/ylh990835774/blockchain-shop-demo/internal/service/user.go:100.2,100.18 1 1
github.com/ylh990835774/blockchain-shop-demo/internal/service/user.go:103.77,105.16 2 1
github.com/ylh990835774/blockchain-shop-demo/internal/service/user.go:105.16,107.3 1 1
github.com/ylh990835774/blockchain-shop-demo/internal/service/user.go:109.2,109.35 1 1
github.com/ylh990835774/blockchain-shop-demo/internal/service/user.go:109.35,111.3 1 1
github.com/ylh990835774/blockchain-shop-demo/internal/service/user.go:113.2,113.18 1 1
github.com/ylh990835774/blockchain-shop-demo/internal/service/user.go:116.75,117.20 1 1
github.com/ylh990835774/blockchain-shop-demo/internal/service/user.go:117.20,119.3 1 0
github.com/ylh990835774/blockchain-shop-demo/internal/service/user.go:121.2,122.16 2 1
github.com/ylh990835774/blockchain-shop-demo/internal/service/user.go:122.16,123.31 1 1
github.com/ylh990835774/blockchain-shop-demo/internal/service/user.go:123.31,125.4 1 1
github.com/ylh990835774/blockchain-shop-demo/internal/service/user.go:126.3,126.18 1 0
github.com/ylh990835774/blockchain-shop-demo/internal/service/user.go:129.2,129.18 1 1
